  Building Custom Rule C:/Users/pedro/OneDrive/Documentos/Uminho/Uminho/3ano/2 Semestre/CG/trabalho/Phase4_G30/ENGINE/CMakeLists.txt
  main.cpp
C:\Users\pedro\OneDrive\Documentos\Uminho\Uminho\3ano\2 Semestre\CG\trabalho\Phase4_G30\ENGINE\main.cpp(275,23): warning C4018: '<': signed/unsigned mismatch
C:\Users\pedro\OneDrive\Documentos\Uminho\Uminho\3ano\2 Semestre\CG\trabalho\Phase4_G30\ENGINE\main.cpp(301,23): warning C4018: '<': signed/unsigned mismatch
C:\Users\pedro\OneDrive\Documentos\Uminho\Uminho\3ano\2 Semestre\CG\trabalho\Phase4_G30\ENGINE\main.cpp(635,23): warning C4018: '<': signed/unsigned mismatch
C:\Users\pedro\OneDrive\Documentos\Uminho\Uminho\3ano\2 Semestre\CG\trabalho\Phase4_G30\ENGINE\main.cpp(657,23): warning C4018: '<': signed/unsigned mismatch
C:\Users\pedro\OneDrive\Documentos\Uminho\Uminho\3ano\2 Semestre\CG\trabalho\Phase4_G30\ENGINE\main.cpp(935,22): warning C4018: '<': signed/unsigned mismatch
C:\Users\pedro\OneDrive\Documentos\Uminho\Uminho\3ano\2 Semestre\CG\trabalho\Phase4_G30\ENGINE\main.cpp(972,23): warning C4018: '<': signed/unsigned mismatch
C:\Users\pedro\OneDrive\Documentos\Uminho\Uminho\3ano\2 Semestre\CG\trabalho\Phase4_G30\ENGINE\main.cpp(987,9): warning C4996: 'sprintf': This function or variable may be unsafe. Consider using sprintf_s instead. To disable deprecation, use _CRT_SECURE_NO_WARNINGS. See online help for details.
C:\Users\pedro\OneDrive\Documentos\Uminho\Uminho\3ano\2 Semestre\CG\trabalho\Phase4_G30\ENGINE\main.cpp(1117,5): warning C4996: 'getcwd': The POSIX name for this item is deprecated. Instead, use the ISO C and C++ conformant name: _getcwd. See online help for details.
C:\Users\pedro\OneDrive\Documentos\Uminho\Uminho\3ano\2 Semestre\CG\trabalho\Phase4_G30\ENGINE\main.cpp(1299,33): warning C4101: 'z': unreferenced local variable
C:\Users\pedro\OneDrive\Documentos\Uminho\Uminho\3ano\2 Semestre\CG\trabalho\Phase4_G30\ENGINE\main.cpp(1299,30): warning C4101: 'y': unreferenced local variable
C:\Users\pedro\OneDrive\Documentos\Uminho\Uminho\3ano\2 Semestre\CG\trabalho\Phase4_G30\ENGINE\main.cpp(1299,27): warning C4101: 'x': unreferenced local variable
C:\Users\pedro\OneDrive\Documentos\Uminho\Uminho\3ano\2 Semestre\CG\trabalho\Phase4_G30\ENGINE\main.cpp(1538,5): warning C4996: 'getcwd': The POSIX name for this item is deprecated. Instead, use the ISO C and C++ conformant name: _getcwd. See online help for details.
C:\Users\pedro\OneDrive\Documentos\Uminho\Uminho\3ano\2 Semestre\CG\trabalho\Phase4_G30\ENGINE\main.cpp(1536,10): warning C4101: 'res': unreferenced local variable
  tinyxml2.cpp
  Point.cpp
  Primitive.cpp
  Group.cpp
  Transformation.cpp
  Light.cpp
  Generating Code...
  trabalhoCG.vcxproj -> C:\Users\pedro\OneDrive\Documentos\Uminho\Uminho\3ano\2 Semestre\CG\trabalho\Phase4_G30\ENGINE\build\Release\trabalhoCG.exe
